---------------------------------------------------
M.U.G.E.N ver 1.1.0 Beta 1 P1 (2013.08.11) status log
---------------------------------------------------
Parsing command line...
Command line: G:\MUGEN\marvel v dc git\DCvM.exe
Parse command line OK
Initializing...
Allocating game variables
Reading configuration file...Setting language "en".
OK
Initializing timer...performance timer enabled...frequency 10000000...OK
Initializing keyboard...configuring...OK
Initializing input engine...OK
Initializing sound...Could not initialize sound mixer.
Initializing graphics...gameCoord 320x240...render mode 2_20...trying 960x720x32 mode 0x0...success...OK
Setting callbacks...OK
Initializing font...OK
Initializing game variables...OK
Session RNG seed is 1650152759
Loading system fonts...OK
Loading options...
Initializing pads...failed
Reinitializing input engine...OK
Remapping keys...OK
Reinitializing input engine...OK
Options loaded OK
Loading system...
  Load system file system.def...OK
  Load system spr...OK
  Load system fonts...OK
  Load system anim...OK
  Load [Title Info]...OK
  Load [Option Info]...OK
  Load [Select Info]...OK
  Load [VS Screen]...OK
  Load [Victory Screen]...OK
  Load [Demo Mode]...OK
  Load [Continue Screen]...OK
  Load [Game Over Screen]...OK
  Load [Win Screen]...OK
  Load [Default Ending]...OK
  Load [End Credits]...OK
  Load TitleBG...VersusBG...VictoryBG...SelectBG...OptionBG...OK
  Loading fight data
    Opening fight data file data/fight.def...OK
    Reading [Files]...OK
    Loading fonts...OK
    Load fight anim...OK
    Reading [Lifebar]...[Turns Lifebar]...[Simul Lifebar]...[Powerbar]...
    [Face]...[Simul Face]...[Turns Face]...
    [Name]...[Simul Name]...[Turns Name]...
    [Time]...[Combo]...[Round]...[WinIcon]...OK
    Allocating explods...OK
  Fight data loaded OK
Lua initing
Lua init complete
System loaded OK
Initialize OK
Set up graphics...timer...OK

Entering gameflow loop
Gameflow 0
Gameflow 1
Playing storyboard data/Intro/MvDCIntro.def: scene
Unloading match assets
Freeing players
Game loop init
Game loop deinit
Finished playing storyboard data/Intro/MvDCIntro.def: scene
Gameflow 2
Initializing character info...OK
Initializing select screen...finding characters...
  Error reading character file: chars/abyss/abyss.def

  Error reading character file: chars/Batman/Batman.def

  Error reading character file: chars/big chungus/big chungus.def

  Error reading character file: chars/BlueBeetle/BlueBeetle.def

  Error reading character file: chars/empty/empty.def

  Error reading character file: chars/empty/empty.def

  Error reading character file: chars/empty/empty.def

  Error reading character file: chars/empty/empty.def

  Error reading character file: chars/empty/empty.def

  Error reading character file: chars/empty/empty.def

  Error reading character file: chars/CarlosMyMainMan/CarlosMyMainMan.def

  Error reading character file: chars/Chicken guy/Chicken guy.def

  Error reading character file: chars/coffin_dance_char/coffin_dance_char.def

  Error reading character file: chars/coronavirus/coronavirus.def

  Error reading character file: chars/cranberry/cranberry.def

  Error reading character file: chars/empty/empty.def

  Error reading character file: chars/empty/empty.def

  Error reading character file: chars/empty/empty.def

  Error reading character file: chars/empty/empty.def

  Error reading character file: chars/empty/empty.def

  Error reading character file: chars/empty/empty.def

  Error reading character file: chars/darkseid/darkseid.def

  Error reading character file: chars/Darth Vader/Darth Vader.def

  Error reading character file: chars/Doomsday/Doomsday.def

  Error reading character file: chars/dr-manhattan-mgmx-/dr-manhattan-mgmx-.def

  Error reading character file: chars/Galactus/Galactus.def

  Error reading character file: chars/empty/empty.def

  Error reading character file: chars/empty/empty.def

  Error reading character file: chars/empty/empty.def

  Error reading character file: chars/empty/empty.def

  Error reading character file: chars/empty/empty.def

  Error reading character file: chars/empty/empty.def

  Error reading character file: chars/Ghostface/Ghostface.def

  Error reading character file: chars/ssjgss ssj9000/ssjgss ssj9000.def

  Error reading character file: chars/GuanoNinja/GuanoNinja.def

  Error reading character file: chars/hamburguesa/hamburguesa.def

  Error reading character file: chars/hand_sanitizer/hand_sanitizer.def

  Error reading character file: chars/HellBoy/HellBoy.def

  Error reading character file: chars/empty/empty.def

  Error reading character file: chars/empty/empty.def

  Error reading character file: chars/empty/empty.def

  Error reading character file: chars/empty/empty.def

  Error reading character file: chars/empty/empty.def

  Error reading character file: chars/empty/empty.def

  Error reading character file: chars/InfiniteIronMan/InfiniteIronMan.def

  Error reading character file: chars/MeAndTheBoys/MeAndTheBoys.def

  Error reading character file: chars/Michael Jackson [Remastered Edit]/Michael Jackson [Remastered Edit].def

  Error reading character file: chars/ModokDu/ModokDu.def

  Error reading character file: chars/niño_ratta/niño_ratta.def

  Error reading character file: chars/Obama/Obama.def

  Error reading character file: chars/pepsimanVTE/pepsimanVTE.def

  Error reading character file: chars/empty/empty.def

  Error reading character file: chars/empty/empty.def

  Error reading character file: chars/empty/empty.def

  Error reading character file: chars/empty/empty.def

  Error reading character file: chars/empty/empty.def

  Error reading character file: chars/empty/empty.def

  Error reading character file: chars/PepsiTheBear/PepsiTheBear.def

  Error reading character file: chars/petertank/petertank.def

  Error reading character file: chars/PizzaRoll Of Darkness/PizzaRoll Of Darkness.def

  Error reading character file: chars/Powergirl/Powergirl.def

  Error reading character file: chars/Predator/Predator.def

  Error reading character file: chars/sadclapsmk69/sadclapsmk69.def

  Error reading character file: chars/Shaggy/Shaggy.def

  Error reading character file: chars/TheBigRig/TheBigRig.def

  Error reading character file: chars/empty/empty.def

  Error reading character file: chars/empty/empty.def

  Error reading character file: chars/empty/empty.def

  Error reading character file: chars/empty/empty.def

  Error reading character file: chars/empty/empty.def

  Error reading character file: chars/empty/empty.def

  Error reading character file: chars/Tropicana/Tropicana.def

  Error reading character file: chars/UNO/UNO.def

  Error reading character file: chars/UNO_REVERSE/UNO_REVERSE.def

  Error reading character file: chars/WalGarutRuf/WalGarutRuf.def

  Error reading character file: chars/Wide_Putin/Wide_Putin.def

  Error reading character file: chars/Y_D_J/Y_D_J.def

  Error reading character file: chars/empty/empty.def

  Error reading character file: chars/empty/empty.def

  Error reading character file: chars/empty/empty.def

  Error reading character file: chars/empty/empty.def

  Error reading character file: chars/empty/empty.def

  Error reading character file: chars/empty/empty.def

  Error reading character file: chars/empty/empty.def

  Error reading character file: chars/empty/empty.def

  Error reading character file: chars/empty/empty.def

  Error reading character file: chars/empty/empty.def

  Error reading character file: chars/empty/empty.def

  Error reading character file: chars/empty/empty.def

  Error reading character file: chars/empty/empty.def

  Error reading character file: chars/empty/empty.def

  Error reading character file: chars/empty/empty.def

  Error reading character file: chars/empty/empty.def

  Error reading character file: chars/empty/empty.def

  Error reading character file: chars/empty/empty.def

  Error reading character file: chars/empty/empty.def

  Error reading character file: chars/empty/empty.def

  Error reading character file: chars/empty/empty.def

  Error reading character file: chars/empty/empty.def

  Error reading character file: chars/empty/empty.def

  Error reading character file: chars/empty/empty.def

  Error reading character file: chars/empty/empty.def

  Error reading character file: chars/empty/empty.def

  Error reading character file: chars/empty/empty.def

  Error reading character file: chars/empty/empty.def

  Error reading character file: chars/empty/empty.def

  Error reading character file: chars/empty/empty.def

  Error reading character file: chars/empty/empty.def

  Error reading character file: chars/empty/empty.def

  Error reading character file: chars/empty/empty.def

  Error reading character file: chars/empty/empty.def

  Error reading character file: chars/empty/empty.def

  Error reading character file: chars/empty/empty.def

  Error reading character file: chars/empty/empty.def

  Error reading character file: chars/empty/empty.def

  Error reading character file: chars/empty/empty.def

  Error reading character file: chars/empty/empty.def

  Error reading character file: chars/empty/empty.def

  Error reading character file: chars/empty/empty.def

  Error reading character file: chars/empty/empty.def

  Error reading character file: chars/empty/empty.def

  Error reading character file: chars/empty/empty.def

  Error reading character file: chars/empty/empty.def

  Error reading character file: chars/empty/empty.def

  Error reading character file: chars/empty/empty.def

  Error reading character file: chars/empty/empty.def

  Error reading character file: chars/empty/empty.def

  Error reading character file: chars/empty/empty.def

  Error reading character file: chars/empty/empty.def

  Error reading character file: chars/empty/empty.def

  Error reading character file: chars/empty/empty.def

  Error reading character file: chars/empty/empty.def

  Error reading character file: chars/empty/empty.def

  Error reading character file: chars/empty/empty.def

  Error reading character file: chars/empty/empty.def

  Error reading character file: chars/empty/empty.def

  Error reading character file: chars/empty/empty.def

  Error reading character file: chars/empty/empty.def

  Error reading character file: chars/empty/empty.def

  Error reading character file: chars/empty/empty.def

  Error reading character file: chars/empty/empty.def

  Error reading character file: chars/empty/empty.def

  Error reading character file: chars/empty/empty.def

  Error reading character file: chars/empty/empty.def

  Error reading character file: chars/empty/empty.def

  Error reading character file: chars/empty/empty.def

  Error reading character file: chars/empty/empty.def

  Error reading character file: chars/empty/empty.def

  Error reading character file: chars/empty/empty.def

  Error reading character file: chars/empty/empty.def

  Error reading character file: chars/empty/empty.def

  Error reading character file: chars/empty/empty.def

  Error reading character file: chars/empty/empty.def

  Error reading character file: chars/empty/empty.def

  Error reading character file: chars/empty/empty.def

  Error reading character file: chars/empty/empty.def

  Error reading character file: chars/empty/empty.def

  Error reading character file: chars/empty/empty.def

  Error reading character file: chars/empty/empty.def

  Error reading character file: chars/empty/empty.def

  Error reading character file: chars/empty/empty.def

  Error reading character file: chars/empty/empty.def

  Error reading character file: chars/empty/empty.def

  Error reading character file: chars/empty/empty.def

  Error reading character file: chars/empty/empty.def

  Error reading character file: chars/empty/empty.def

  Error reading character file: chars/empty/empty.def

  Error reading character file: chars/empty/empty.def

  Error reading character file: chars/empty/empty.def

  Error reading character file: chars/empty/empty.def

  Error reading character file: chars/empty/empty.def

  Error reading character file: chars/empty/empty.def

  Error reading character file: chars/empty/empty.def

  Error reading character file: chars/empty/empty.def

  Error reading character file: chars/empty/empty.def

  Error reading character file: chars/empty/empty.def

  Error reading character file: chars/empty/empty.def

  Error reading character file: chars/empty/empty.def

  Error reading character file: chars/empty/empty.def

  Error reading character file: chars/empty/empty.def

  Error reading character file: chars/empty/empty.def

  Error reading character file: chars/empty/empty.def

  Error reading character file: chars/empty/empty.def

  Error reading character file: chars/empty/empty.def

  Error reading character file: chars/empty/empty.def

  Error reading character file: chars/empty/empty.def

  Error reading character file: chars/empty/empty.def

  Error reading character file: chars/empty/empty.def

  Error reading character file: chars/empty/empty.def

  Error reading character file: chars/empty/empty.def

  Error reading character file: chars/empty/empty.def

  Error reading character file: chars/empty/empty.def

  Error reading character file: chars/empty/empty.def

  Error reading character file: chars/empty/empty.def

  Error reading character file: chars/empty/empty.def

  Error reading character file: chars/empty/empty.def

  Error reading character file: chars/empty/empty.def

  Error reading character file: chars/empty/empty.def

  Error reading character file: chars/empty/empty.def

  Error reading character file: chars/empty/empty.def

  Error reading character file: chars/empty/empty.def

  Error reading character file: chars/empty/empty.def

  Error reading character file: chars/empty/empty.def

  Error reading character file: chars/empty/empty.def

  Error reading character file: chars/empty/empty.def

  Error reading character file: chars/empty/empty.def

  Error reading character file: chars/empty/empty.def

  Error reading character file: chars/empty/empty.def

  Error reading character file: chars/empty/empty.def

  Error reading character file: chars/empty/empty.def

  Error reading character file: chars/empty/empty.def

  Error reading character file: chars/empty/empty.def

  Error reading character file: chars/empty/empty.def

  Error reading character file: chars/empty/empty.def

  Error reading character file: chars/empty/empty.def

  Error reading character file: chars/empty/empty.def

  Error reading character file: chars/empty/empty.def

  Error reading character file: chars/empty/empty.def

  Error reading character file: chars/empty/empty.def

  Error reading character file: chars/empty/empty.def

  Error reading character file: chars/empty/empty.def

  Error reading character file: chars/empty/empty.def

  Error reading character file: chars/empty/empty.def

  Error reading character file: chars/empty/empty.def

  Error reading character file: chars/empty/empty.def

  Error reading character file: chars/empty/empty.def

  Error reading character file: chars/empty/empty.def

  Error reading character file: chars/empty/empty.def

  Error reading character file: chars/empty/empty.def

  Error reading character file: chars/empty/empty.def

  Error reading character file: chars/empty/empty.def

  Error reading character file: chars/empty/empty.def

  Error reading character file: chars/empty/empty.def

  Error reading character file: chars/empty/empty.def

  Error reading character file: chars/empty/empty.def

  Error reading character file: chars/empty/empty.def

  Error reading character file: chars/empty/empty.def

  Error reading character file: chars/empty/empty.def

  Error reading character file: chars/empty/empty.def

  Error reading character file: chars/empty/empty.def

  Error reading character file: chars/empty/empty.def

  Error reading character file: chars/empty/empty.def

  Error reading character file: chars/empty/empty.def

  Error reading character file: chars/empty/empty.def

  Error reading character file: chars/empty/empty.def

  Error reading character file: chars/empty/empty.def

  Error reading character file: chars/empty/empty.def

  Error reading character file: chars/empty/empty.def

  Error reading character file: chars/empty/empty.def

  Error reading character file: chars/empty/empty.def

  Error reading character file: chars/empty/empty.def

  Error reading character file: chars/empty/empty.def

  Error reading character file: chars/empty/empty.def

  Error reading character file: chars/empty/empty.def

  Error reading character file: chars/empty/empty.def

  Error reading character file: chars/empty/empty.def

  Error reading character file: chars/empty/empty.def

  Error reading character file: chars/empty/empty.def

  Error reading character file: chars/empty/empty.def

  Error reading character file: chars/empty/empty.def

  Error reading character file: chars/empty/empty.def

  Error reading character file: chars/empty/empty.def

  Error reading character file: chars/empty/empty.def

  Error reading character file: chars/empty/empty.def

  Error reading character file: chars/empty/empty.def

  Error reading character file: chars/empty/empty.def

  Error reading character file: chars/empty/empty.def

  Error reading character file: chars/empty/empty.def

  Error reading character file: chars/empty/empty.def

  Error reading character file: chars/empty/empty.def

  Error reading character file: chars/empty/empty.def

  Error reading character file: chars/empty/empty.def

  Error reading character file: chars/empty/empty.def

  Error reading character file: chars/empty/empty.def

  Error reading character file: chars/empty/empty.def

  Error reading character file: chars/empty/empty.def

  Error reading character file: chars/empty/empty.def

  Error reading character file: chars/empty/empty.def

  Error reading character file: chars/empty/empty.def

  Error reading character file: chars/empty/empty.def

  Error reading character file: chars/empty/empty.def

  Error reading character file: chars/empty/empty.def

  Error reading character file: chars/empty/empty.def

  Error reading character file: chars/empty/empty.def

  Error reading character file: chars/empty/empty.def

  Error reading character file: chars/empty/empty.def

  Error reading character file: chars/empty/empty.def

  Error reading character file: chars/empty/empty.def

  Error reading character file: chars/empty/empty.def

  Error reading character file: chars/empty/empty.def

  Error reading character file: chars/empty/empty.def

  Error reading character file: chars/empty/empty.def

  Error reading character file: chars/empty/empty.def

  Error reading character file: chars/empty/empty.def

  Error reading character file: chars/empty/empty.def

  Error reading character file: chars/empty/empty.def

  Error reading character file: chars/empty/empty.def

  Error reading character file: chars/empty/empty.def

  Error reading character file: chars/empty/empty.def

  Error reading character file: chars/empty/empty.def

  Error reading character file: chars/empty/empty.def

  Error reading character file: chars/empty/empty.def

  Error reading character file: chars/empty/empty.def

  Error reading character file: chars/empty/empty.def

  Error reading character file: chars/empty/empty.def

  Error reading character file: chars/empty/empty.def

  Error reading character file: chars/empty/empty.def

  Error reading character file: chars/empty/empty.def

  Error reading character file: chars/empty/empty.def

  Error reading character file: chars/empty/empty.def

  Error reading character file: chars/empty/empty.def

  Error reading character file: chars/empty/empty.def

  Error reading character file: chars/empty/empty.def

  Error reading character file: chars/empty/empty.def

  Error reading character file: chars/empty/empty.def

  Error reading character file: chars/empty/empty.def

  Error reading character file: chars/empty/empty.def

  Error reading character file: chars/empty/empty.def

  Error reading character file: chars/empty/empty.def

  Error reading character file: chars/empty/empty.def

  Error reading character file: chars/empty/empty.def

  Error reading character file: chars/empty/empty.def

  Error reading character file: chars/empty/empty.def

  Error reading character file: chars/empty/empty.def

  Error reading character file: chars/empty/empty.def

  Error reading character file: chars/empty/empty.def

  Error reading character file: chars/empty/empty.def

  Error reading character file: chars/empty/empty.def

  Error reading character file: chars/empty/empty.def

  Error reading character file: chars/empty/empty.def

  Error reading character file: chars/empty/empty.def

  Error reading character file: chars/empty/empty.def

  Error reading character file: chars/empty/empty.def

  Error reading character file: chars/empty/empty.def

  Error reading character file: chars/empty/empty.def

  Error reading character file: chars/empty/empty.def

  Error reading character file: chars/empty/empty.def

  Error reading character file: chars/empty/empty.def

  Error reading character file: chars/empty/empty.def

  Error reading character file: chars/empty/empty.def

  Error reading character file: chars/empty/empty.def

  Error reading character file: chars/empty/empty.def

  Error reading character file: chars/empty/empty.def

  Error reading character file: chars/empty/empty.def

  Error reading character file: chars/empty/empty.def

  Error reading character file: chars/empty/empty.def

  Error reading character file: chars/empty/empty.def

  Error reading character file: chars/empty/empty.def

  Error reading character file: chars/empty/empty.def

  Error reading character file: chars/empty/empty.def

  Error reading character file: chars/empty/empty.def

  Error reading character file: chars/empty/empty.def

  Error reading character file: chars/empty/empty.def

  Error reading character file: chars/empty/empty.def

  Error reading character file: chars/empty/empty.def

  Error reading character file: chars/empty/empty.def

  Error reading character file: chars/empty/empty.def

  Error reading character file: chars/empty/empty.def

  Error reading character file: chars/empty/empty.def

  Error reading character file: chars/empty/empty.def

  Error reading character file: chars/empty/empty.def

  Error reading character file: chars/empty/empty.def

  Error reading character file: chars/empty/empty.def

  Error reading character file: chars/empty/empty.def

  Error reading character file: chars/empty/empty.def

  Error reading character file: chars/empty/empty.def

  Error reading character file: chars/empty/empty.def

  Error reading character file: chars/empty/empty.def

  Error reading character file: chars/empty/empty.def

  Error reading character file: chars/empty/empty.def

  Error reading character file: chars/empty/empty.def

  Error reading character file: chars/empty/empty.def

  Error reading character file: chars/empty/empty.def

  Error reading character file: chars/empty/empty.def

  Error reading character file: chars/empty/empty.def

  Error reading character file: chars/empty/empty.def

  Error reading character file: chars/empty/empty.def

  Error reading character file: chars/empty/empty.def

  Error reading character file: chars/empty/empty.def

  Error reading character file: chars/empty/empty.def
OK
Gameflow 3
Playing storyboard intro.def: scene
Unloading match assets
Freeing players
Game loop init
Game loop deinit
Finished playing storyboard intro.def: scene
Gameflow 4
Entering mode select.
Unloading match assets
Freeing players
Game loop init
Mode select init
End of mode select loop
Game loop deinit
Gameflow 6
Reset persist vars team 0
Reset persist vars team 1
Gameflow 7
Entering character select.
Unloading match assets
Freeing players
Game loop init
Unreserved all palettes
Charsel init
Selected char 7 on teamslot 0.0
Char he-man.def (7) request pal 3 3F (3F) -> reserved 3 (37)
Selected char 1 on teamslot 1.0
Char ConquerorSalmon.def (1) request pal 3 1 (1) -> reserved 0 (0)
End of charsel loop
Game loop deinit
Gameflow 8
Gameflow 9
Gameflow 10
Entering versus screen.
Unloading match assets
Freeing players
Game loop init
Versus screen init
End of versus screen loop
Game loop deinit
Gameflow 11
Loading match assets...
Loading stage...
  Loading BG...OK
Stage loaded OK
  Allocating helpers...OK
Match RNG seed: 36943724
Reset persist vars team 0
Reset persist vars team 1
Loading character chars/he-man/he-man.def...
  Loading info...Info: He-man loading in pre-1.0 compatible mode
OK
  Loading cmd command set he-man.cmd...OK
  Loading cns he-man.cns...OK
  Loading cns specials.cns...OK
  Loading cns basic2.cns...OK
  Loading cns supers.cns...OK
  Loading cmd state entry he-man.cmd...OK
  Loading common states hecom.cns...OK
  Loading sff he-man.sff...OK
  Loading anim he-man.air...OK
  Loading pals...(1,1)(1,2)(1,3)(1,4)(1,5)(1,6)OK
  SFF v1.01 palette hack engaged.
  Loading learned AI he-man.ai...OK
  4269 expressions (1644 on trigger lines)
Character he-man.def loaded OK
New char He-man loaded into cache: (1/4 cached) Load time: 140.000ms
Loading character chars/ConquerorSalmon/ConquerorSalmon.def...
  Loading info...OK
  Loading cmd command set ConquerorSalmonMove.cns...OK
  Loading cns Basics.cns...OK
  Loading cmd state entry ConquerorSalmonMove.cns...OK
  Loading common states ConquerorSalmon.cns...OK
  Loading sff ConquerorSalmon.sff...OK
  Loading anim ConquerorSalmon.air...OK
  Loading pals...(1,1)OK
  SFF v1.01 palette hack engaged.
  1427 expressions (648 on trigger lines)
Character ConquerorSalmon.def loaded OK
New char Salmon Emperor the Conqueror loaded into cache: (2/4 cached) Load time: 260.000ms
Resetting round
Match assets initialized OK
Game loop init
Match loop init
End of match loop
Total time: 43.75s
Total frames: 2845 	Skipped frames: 0
Avg game rate: 65.03
Avg frame rate: 65.03

Finishing match
Freeing players
Save persist vars P56 He-man
Player He-man cache count reduced: 0
Save persist vars P57 Salmon Emperor the Conqueror
Player Salmon Emperor the Conqueror cache count reduced: 0
Match RNG closed
Game loop deinit
Gameflow 6
Reset persist vars team 0
Reset persist vars team 1
Gameflow 7
Entering character select.
Unloading match assets
Freeing players
Unloading stage...OK
Game loop init
Unreserved all palettes
Charsel init
Game loop deinit
Canceled character select.
Gameflow 4
Entering mode select.
Unloading match assets
Freeing players
Game loop init
Mode select init
End of mode select loop
Game loop deinit
Returned from gameflow loop
Deinitializing...
Frames      : 5330
Time elapsed: 87.460 sec
ticks: 8746, tps: 100, start 105, end 8851

Unloading match assets
Freeing players
Clearing player cache...Freeing player RC Salmon Emperor the Conqueror...CMD...CNS...SFF...AIR...SND...Misc...OK
Freeing player RC He-man...CMD...CNS...SFF...AIR...SND...Misc...OK
OK
Freeing character info...OK
Freeing select screen...OK
Freeing fight data...OK
Freeing system data...OK
Freeing game variables...Unloading match assets
Freeing players
OK
Deinitializing input...pad...keyboard...OK
Removing callbacks...OK
Deintializing timer...OK
Deinitializing graphics...OK
Deinitializing BGM...OK
Deinitializing sound...OK
Successful program termination.

Log file successfully closed.
